This file contains any messages produced by compilers while
running configure, to aid debugging if configure makes a mistake.

It was created by configure, which was
generated by GNU Autoconf 2.53.  Invocation command line was

  $ ./configure 

## --------- ##
## Platform. ##
## --------- ##

hostname = mike-VirtualBox
uname -m = x86_64
uname -r = 4.15.0-32-generic
uname -s = Linux
uname -v = #35~16.04.1-Ubuntu SMP Fri Aug 10 21:54:34 UTC 2018

/usr/bin/uname -p = unknown
/bin/uname -X     = unknown

/bin/arch              = unknown
/usr/bin/arch -k       = unknown
/usr/convex/getsysinfo = unknown
hostinfo               = unknown
/bin/machine           = unknown
/usr/bin/oslevel       = unknown
/bin/universe          = unknown

PATH: /usr/lib/llvm-3.8/bin
PATH: /usr/local/sbin
PATH: /usr/local/bin
PATH: /usr/sbin
PATH: /usr/bin
PATH: /sbin
PATH: /bin
PATH: /snap/bin


## ----------- ##
## Core tests. ##
## ----------- ##

configure:1233: checking for a BSD-compatible install
configure:1287: result: /usr/bin/install -c
configure:1298: checking whether build environment is sane
configure:1341: result: yes
configure:1375: checking for gawk
configure:1404: result: no
configure:1375: checking for mawk
configure:1391: found /usr/bin/mawk
configure:1401: result: mawk
configure:1411: checking whether make sets ${MAKE}
configure:1431: result: yes
configure:1580: checking for gcc
configure:1596: found /usr/bin/gcc
configure:1606: result: gcc
configure:1850: checking for C compiler version
configure:1853: gcc --version </dev/null >&5
gcc (Ubuntu 5.4.0-6ubuntu1~16.04.10) 5.4.0 20160609
Copyright (C) 2015 Free Software Foundation, Inc.
This is free software; see the source for copying conditions.  There is NO
warranty; not even for MERCHANTABILITY or FITNESS FOR A PARTICULAR PURPOSE.

configure:1856: $? = 0
configure:1858: gcc -v </dev/null >&5
Using built-in specs.
COLLECT_GCC=gcc
COLLECT_LTO_WRAPPER=/usr/lib/gcc/x86_64-linux-gnu/5/lto-wrapper
Target: x86_64-linux-gnu
Configured with: ../src/configure -v --with-pkgversion='Ubuntu 5.4.0-6ubuntu1~16.04.10' --with-bugurl=file:///usr/share/doc/gcc-5/README.Bugs --enable-languages=c,ada,c++,java,go,d,fortran,objc,obj-c++ --prefix=/usr --program-suffix=-5 --enable-shared --enable-linker-build-id --libexecdir=/usr/lib --without-included-gettext --enable-threads=posix --libdir=/usr/lib --enable-nls --with-sysroot=/ --enable-clocale=gnu --enable-libstdcxx-debug --enable-libstdcxx-time=yes --with-default-libstdcxx-abi=new --enable-gnu-unique-object --disable-vtable-verify --enable-libmpx --enable-plugin --with-system-zlib --disable-browser-plugin --enable-java-awt=gtk --enable-gtk-cairo --with-java-home=/usr/lib/jvm/java-1.5.0-gcj-5-amd64/jre --enable-java-home --with-jvm-root-dir=/usr/lib/jvm/java-1.5.0-gcj-5-amd64 --with-jvm-jar-dir=/usr/lib/jvm-exports/java-1.5.0-gcj-5-amd64 --with-arch-directory=amd64 --with-ecj-jar=/usr/share/java/eclipse-ecj.jar --enable-objc-gc --enable-multiarch --disable-werror --with-arch-32=i686 --with-abi=m64 --with-multilib-list=m32,m64,mx32 --enable-multilib --with-tune=generic --enable-checking=release --build=x86_64-linux-gnu --host=x86_64-linux-gnu --target=x86_64-linux-gnu
Thread model: posix
gcc version 5.4.0 20160609 (Ubuntu 5.4.0-6ubuntu1~16.04.10) 
configure:1861: $? = 0
configure:1863: gcc -V </dev/null >&5
gcc: error: unrecognized command line option '-V'
gcc: fatal error: no input files
compilation terminated.
configure:1866: $? = 1
configure:1892: checking for C compiler default output
configure:1895: gcc    conftest.c  >&5
configure:1898: $? = 0
configure:1931: result: a.out
configure:1936: checking whether the C compiler works
configure:1942: ./a.out
configure:1945: $? = 0
configure:1960: result: yes
configure:1967: checking whether we are cross compiling
configure:1969: result: no
configure:1972: checking for suffix of executables
configure:1974: gcc -o conftest    conftest.c  >&5
configure:1977: $? = 0
configure:1999: result: 
configure:2005: checking for suffix of object files
configure:2029: gcc -c   conftest.c >&5
configure:2032: $? = 0
configure:2051: result: o
configure:2055: checking whether we are using the GNU C compiler
configure:2082: gcc -c   conftest.c >&5
configure:2085: $? = 0
configure:2088: test -s conftest.o
configure:2091: $? = 0
configure:2103: result: yes
configure:2109: checking whether gcc accepts -g
configure:2133: gcc -c -g  conftest.c >&5
configure:2136: $? = 0
configure:2139: test -s conftest.o
configure:2142: $? = 0
configure:2152: result: yes
configure:2179: gcc -c -g -O2  conftest.c >&5
conftest.c:2:3: error: unknown type name 'choke'
   choke me
   ^
conftest.c:2:3: error: expected '=', ',', ';', 'asm' or '__attribute__' at end of input
configure:2182: $? = 1
configure: failed program was:
#ifndef __cplusplus
  choke me
#endif
configure:2300: checking for style of include used by make
configure:2328: result: GNU
configure:2335: checking dependency style of gcc
configure:2397: result: gcc3
configure:2414: checking for a BSD-compatible install
configure:2468: result: /usr/bin/install -c
configure:2480: checking whether byte ordering is bigendian
configure:2510: gcc -c -g -O2  conftest.c >&5
configure:2513: $? = 0
configure:2516: test -s conftest.o
configure:2519: $? = 0
configure:2546: gcc -c -g -O2  conftest.c >&5
configure: In function 'main':
configure:2536:2: error: unknown type name 'not'
configure:2536:10: error: expected '=', ',', ';', 'asm' or '__attribute__' before 'endian'
configure:2549: $? = 1
configure: failed program was:
#line 2522 "configure"
#include "confdefs.h"
#include <sys/types.h>
#include <sys/param.h>

#ifdef F77_DUMMY_MAIN
#  ifdef __cplusplus
     extern "C"
#  endif
   int F77_DUMMY_MAIN() { return 1; }
#endif
int
main ()
{
#if BYTE_ORDER != BIG_ENDIAN
 not big endian
#endif

  ;
  return 0;
}
configure:2663: result: no
configure:2709: checking for inet_ntoa
configure:2752: gcc -o conftest -g -O2   conftest.c  >&5
configure:2755: $? = 0
configure:2758: test -s conftest
configure:2761: $? = 0
configure:2771: result: yes
configure:2843: checking for socket
configure:2886: gcc -o conftest -g -O2   conftest.c  >&5
configure:2889: $? = 0
configure:2892: test -s conftest
configure:2895: $? = 0
configure:2905: result: yes
configure:2977: checking for gethostbyname
configure:3020: gcc -o conftest -g -O2   conftest.c  >&5
configure:3023: $? = 0
configure:3026: test -s conftest
configure:3029: $? = 0
configure:3039: result: yes
configure:3117: checking how to run the C preprocessor
configure:3143: gcc -E  conftest.c
configure:3149: $? = 0
configure:3176: gcc -E  conftest.c
configure:3172:28: fatal error: ac_nonexistent.h: No such file or directory
compilation terminated.
configure:3182: $? = 1
configure: failed program was:
#line 3171 "configure"
#include "confdefs.h"
#include <ac_nonexistent.h>
configure:3219: result: gcc -E
configure:3234: gcc -E  conftest.c
configure:3240: $? = 0
configure:3267: gcc -E  conftest.c
configure:3263:28: fatal error: ac_nonexistent.h: No such file or directory
compilation terminated.
configure:3273: $? = 1
configure: failed program was:
#line 3262 "configure"
#include "confdefs.h"
#include <ac_nonexistent.h>
configure:3313: checking for ANSI C header files
configure:3327: gcc -E  conftest.c
configure:3333: $? = 0
configure:3420: gcc -o conftest -g -O2   conftest.c  >&5
configure: In function 'main':
configure:3411:7: warning: implicit declaration of function 'exit' [-Wimplicit-function-declaration]
   int i;
       ^
configure:3411:7: warning: incompatible implicit declaration of built-in function 'exit'
configure:3411:7: note: include '<stdlib.h>' or provide a declaration of 'exit'
configure:3412:3: warning: incompatible implicit declaration of built-in function 'exit'
   for (i = 0; i < 256; i++)
   ^
configure:3412:3: note: include '<stdlib.h>' or provide a declaration of 'exit'
configure:3423: $? = 0
configure:3425: ./conftest
configure:3428: $? = 0
configure:3442: result: yes
configure:3452: checking whether time.h and sys/time.h may both be included
configure:3480: gcc -c -g -O2  conftest.c >&5
configure:3483: $? = 0
configure:3486: test -s conftest.o
configure:3489: $? = 0
configure:3499: result: yes
configure:3523: checking for sys/types.h
configure:3536: gcc -c -g -O2  conftest.c >&5
configure:3539: $? = 0
configure:3542: test -s conftest.o
configure:3545: $? = 0
configure:3555: result: yes
configure:3523: checking for sys/stat.h
configure:3536: gcc -c -g -O2  conftest.c >&5
configure:3539: $? = 0
configure:3542: test -s conftest.o
configure:3545: $? = 0
configure:3555: result: yes
configure:3523: checking for stdlib.h
configure:3536: gcc -c -g -O2  conftest.c >&5
configure:3539: $? = 0
configure:3542: test -s conftest.o
configure:3545: $? = 0
configure:3555: result: yes
configure:3523: checking for string.h
configure:3536: gcc -c -g -O2  conftest.c >&5
configure:3539: $? = 0
configure:3542: test -s conftest.o
configure:3545: $? = 0
configure:3555: result: yes
configure:3523: checking for memory.h
configure:3536: gcc -c -g -O2  conftest.c >&5
configure:3539: $? = 0
configure:3542: test -s conftest.o
configure:3545: $? = 0
configure:3555: result: yes
configure:3523: checking for strings.h
configure:3536: gcc -c -g -O2  conftest.c >&5
configure:3539: $? = 0
configure:3542: test -s conftest.o
configure:3545: $? = 0
configure:3555: result: yes
configure:3523: checking for inttypes.h
configure:3536: gcc -c -g -O2  conftest.c >&5
configure:3539: $? = 0
configure:3542: test -s conftest.o
configure:3545: $? = 0
configure:3555: result: yes
configure:3523: checking for stdint.h
configure:3536: gcc -c -g -O2  conftest.c >&5
configure:3539: $? = 0
configure:3542: test -s conftest.o
configure:3545: $? = 0
configure:3555: result: yes
configure:3523: checking for unistd.h
configure:3536: gcc -c -g -O2  conftest.c >&5
configure:3539: $? = 0
configure:3542: test -s conftest.o
configure:3545: $? = 0
configure:3555: result: yes
configure:3590: checking arpa/inet.h usability
configure:3599: gcc -c -g -O2  conftest.c >&5
configure:3602: $? = 0
configure:3605: test -s conftest.o
configure:3608: $? = 0
configure:3617: result: yes
configure:3621: checking arpa/inet.h presence
configure:3628: gcc -E  conftest.c
configure:3634: $? = 0
configure:3652: result: yes
configure:3670: checking for arpa/inet.h
configure:3677: result: yes
configure:3590: checking netdb.h usability
configure:3599: gcc -c -g -O2  conftest.c >&5
configure:3602: $? = 0
configure:3605: test -s conftest.o
configure:3608: $? = 0
configure:3617: result: yes
configure:3621: checking netdb.h presence
configure:3628: gcc -E  conftest.c
configure:3634: $? = 0
configure:3652: result: yes
configure:3670: checking for netdb.h
configure:3677: result: yes
configure:3590: checking netinet/in.h usability
configure:3599: gcc -c -g -O2  conftest.c >&5
configure:3602: $? = 0
configure:3605: test -s conftest.o
configure:3608: $? = 0
configure:3617: result: yes
configure:3621: checking netinet/in.h presence
configure:3628: gcc -E  conftest.c
configure:3634: $? = 0
configure:3652: result: yes
configure:3670: checking for netinet/in.h
configure:3677: result: yes
configure:3581: checking for stdlib.h
configure:3586: result: yes
configure:3581: checking for string.h
configure:3586: result: yes
configure:3590: checking sys/param.h usability
configure:3599: gcc -c -g -O2  conftest.c >&5
configure:3602: $? = 0
configure:3605: test -s conftest.o
configure:3608: $? = 0
configure:3617: result: yes
configure:3621: checking sys/param.h presence
configure:3628: gcc -E  conftest.c
configure:3634: $? = 0
configure:3652: result: yes
configure:3670: checking for sys/param.h
configure:3677: result: yes
configure:3590: checking sys/socket.h usability
configure:3599: gcc -c -g -O2  conftest.c >&5
configure:3602: $? = 0
configure:3605: test -s conftest.o
configure:3608: $? = 0
configure:3617: result: yes
configure:3621: checking sys/socket.h presence
configure:3628: gcc -E  conftest.c
configure:3634: $? = 0
configure:3652: result: yes
configure:3670: checking for sys/socket.h
configure:3677: result: yes
configure:3590: checking sys/time.h usability
configure:3599: gcc -c -g -O2  conftest.c >&5
configure:3602: $? = 0
configure:3605: test -s conftest.o
configure:3608: $? = 0
configure:3617: result: yes
configure:3621: checking sys/time.h presence
configure:3628: gcc -E  conftest.c
configure:3634: $? = 0
configure:3652: result: yes
configure:3670: checking for sys/time.h
configure:3677: result: yes
configure:3581: checking for unistd.h
configure:3586: result: yes
configure:3590: checking resolv.h usability
configure:3599: gcc -c -g -O2  conftest.c >&5
configure:3602: $? = 0
configure:3605: test -s conftest.o
configure:3608: $? = 0
configure:3617: result: yes
configure:3621: checking resolv.h presence
configure:3628: gcc -E  conftest.c
configure:3634: $? = 0
configure:3652: result: yes
configure:3670: checking for resolv.h
configure:3677: result: yes
configure:3703: checking for gethostbyname
configure:3765: result: yes
configure:3703: checking for inet_ntoa
configure:3765: result: yes
configure:3703: checking for inet_pton
configure:3746: gcc -o conftest -g -O2   conftest.c  >&5
configure:3749: $? = 0
configure:3752: test -s conftest
configure:3755: $? = 0
configure:3765: result: yes
configure:3703: checking for memset
configure:3746: gcc -o conftest -g -O2   conftest.c  >&5
configure:3718:6: warning: conflicting types for built-in function 'memset'
 /* We use char because int might match the return type of a gcc2
      ^
configure:3749: $? = 0
configure:3752: test -s conftest
configure:3755: $? = 0
configure:3765: result: yes
configure:3703: checking for select
configure:3746: gcc -o conftest -g -O2   conftest.c  >&5
configure:3749: $? = 0
configure:3752: test -s conftest
configure:3755: $? = 0
configure:3765: result: yes
configure:3703: checking for socket
configure:3765: result: yes
configure:3703: checking for strcasecmp
configure:3746: gcc -o conftest -g -O2   conftest.c  >&5
configure:3718:6: warning: conflicting types for built-in function 'strcasecmp'
 /* We use char because int might match the return type of a gcc2
      ^
configure:3749: $? = 0
configure:3752: test -s conftest
configure:3755: $? = 0
configure:3765: result: yes
configure:3703: checking for strchr
configure:3746: gcc -o conftest -g -O2   conftest.c  >&5
configure:3718:6: warning: conflicting types for built-in function 'strchr'
 /* We use char because int might match the return type of a gcc2
      ^
configure:3749: $? = 0
configure:3752: test -s conftest
configure:3755: $? = 0
configure:3765: result: yes
configure:3703: checking for strdup
configure:3746: gcc -o conftest -g -O2   conftest.c  >&5
configure:3718:6: warning: conflicting types for built-in function 'strdup'
 /* We use char because int might match the return type of a gcc2
      ^
configure:3749: $? = 0
configure:3752: test -s conftest
configure:3755: $? = 0
configure:3765: result: yes
configure:3857: creating ./config.status

## ---------------------- ##
## Running config.status. ##
## ---------------------- ##

This file was extended by config.status, which was
generated by GNU Autoconf 2.53.  Invocation command line was

  CONFIG_FILES    = 
  CONFIG_HEADERS  = 
  CONFIG_LINKS    = 
  CONFIG_COMMANDS = 
  $ ./config.status 

on mike-VirtualBox

config.status:600: creating Makefile
config.status:704: creating config.h
config.status:950: executing default-1 commands

## ---------------- ##
## Cache variables. ##
## ---------------- ##

ac_cv_c_bigendian=no
ac_cv_c_compiler_gnu=yes
ac_cv_env_CC_set=
ac_cv_env_CC_value=
ac_cv_env_CFLAGS_set=
ac_cv_env_CFLAGS_value=
ac_cv_env_CPPFLAGS_set=
ac_cv_env_CPPFLAGS_value=
ac_cv_env_CPP_set=
ac_cv_env_CPP_value=
ac_cv_env_LDFLAGS_set=
ac_cv_env_LDFLAGS_value=
ac_cv_env_build_alias_set=
ac_cv_env_build_alias_value=
ac_cv_env_host_alias_set=
ac_cv_env_host_alias_value=
ac_cv_env_target_alias_set=
ac_cv_env_target_alias_value=
ac_cv_exeext=
ac_cv_func_gethostbyname=yes
ac_cv_func_inet_ntoa=yes
ac_cv_func_inet_pton=yes
ac_cv_func_memset=yes
ac_cv_func_select=yes
ac_cv_func_socket=yes
ac_cv_func_strcasecmp=yes
ac_cv_func_strchr=yes
ac_cv_func_strdup=yes
ac_cv_header_arpa_inet_h=yes
ac_cv_header_inttypes_h=yes
ac_cv_header_memory_h=yes
ac_cv_header_netdb_h=yes
ac_cv_header_netinet_in_h=yes
ac_cv_header_resolv_h=yes
ac_cv_header_stdc=yes
ac_cv_header_stdint_h=yes
ac_cv_header_stdlib_h=yes
ac_cv_header_string_h=yes
ac_cv_header_strings_h=yes
ac_cv_header_sys_param_h=yes
ac_cv_header_sys_socket_h=yes
ac_cv_header_sys_stat_h=yes
ac_cv_header_sys_time_h=yes
ac_cv_header_sys_types_h=yes
ac_cv_header_time=yes
ac_cv_header_unistd_h=yes
ac_cv_objext=o
ac_cv_path_install='/usr/bin/install -c'
ac_cv_prog_AWK=mawk
ac_cv_prog_CPP='gcc -E'
ac_cv_prog_ac_ct_CC=gcc
ac_cv_prog_cc_g=yes
ac_cv_prog_make_make_set=yes
am_cv_CC_dependencies_compiler_type=gcc3

## ----------- ##
## confdefs.h. ##
## ----------- ##

#define PACKAGE_NAME ""
#define PACKAGE_TARNAME ""
#define PACKAGE_VERSION ""
#define PACKAGE_STRING ""
#define PACKAGE_BUGREPORT ""
#define PACKAGE "dnstracer"
#define VERSION "1.7"
#define STDC_HEADERS 1
#define TIME_WITH_SYS_TIME 1
#define HAVE_SYS_TYPES_H 1
#define HAVE_SYS_STAT_H 1
#define HAVE_STDLIB_H 1
#define HAVE_STRING_H 1
#define HAVE_MEMORY_H 1
#define HAVE_STRINGS_H 1
#define HAVE_INTTYPES_H 1
#define HAVE_STDINT_H 1
#define HAVE_UNISTD_H 1
#define HAVE_ARPA_INET_H 1
#define HAVE_NETDB_H 1
#define HAVE_NETINET_IN_H 1
#define HAVE_STDLIB_H 1
#define HAVE_STRING_H 1
#define HAVE_SYS_PARAM_H 1
#define HAVE_SYS_SOCKET_H 1
#define HAVE_SYS_TIME_H 1
#define HAVE_UNISTD_H 1
#define HAVE_RESOLV_H 1
#define HAVE_GETHOSTBYNAME 1
#define HAVE_INET_NTOA 1
#define HAVE_INET_PTON 1
#define HAVE_MEMSET 1
#define HAVE_SELECT 1
#define HAVE_SOCKET 1
#define HAVE_STRCASECMP 1
#define HAVE_STRCHR 1
#define HAVE_STRDUP 1

configure: exit 0
